{"/home/nhoffman/projects/prettyjson-256/lib/prettyjson.js":{"path":"/home/nhoffman/projects/prettyjson-256/lib/prettyjson.js","s":{"1":1,"2":1,"3":1,"4":1,"5":1,"6":97,"7":97,"8":970,"9":218,"10":79,"11":139,"12":97,"13":1,"14":1,"15":1,"16":145,"17":23,"18":122,"19":82,"20":40,"21":0,"22":40,"23":1,"24":89,"25":89,"26":89,"27":89,"28":89,"29":89,"30":89,"31":89,"32":1,"33":1,"34":2,"35":1,"36":89,"37":59,"38":2,"39":57,"40":43,"41":14,"42":14,"43":2,"44":12,"45":2,"46":10,"47":2,"48":8,"49":4,"50":4,"51":4,"52":0,"53":0,"54":0,"55":89,"56":59,"57":30,"58":1,"59":1,"60":1,"61":29,"62":12,"63":2,"64":10,"65":0,"66":0,"67":10,"68":10,"69":23,"70":23,"71":22,"72":23,"73":23,"74":21,"75":21,"76":2,"77":2,"78":17,"79":17,"80":17,"81":17,"82":17,"83":17,"84":33,"85":33,"86":31,"87":33,"88":33,"89":0,"90":33,"91":25,"92":25,"93":8,"94":0,"95":0,"96":8,"97":0,"98":0,"99":8,"100":8,"101":89,"102":1,"103":7,"104":7,"105":7,"106":7,"107":7,"108":7,"109":2,"110":5,"111":3,"112":3,"113":2,"114":1,"115":1,"116":0,"117":0,"118":0,"119":3,"120":3,"121":5,"122":5,"123":1,"124":4,"125":4},"b":{"1":[79,139],"2":[139,0],"3":[8,131],"4":[131,0],"5":[0,139],"6":[0,0],"7":[0,0],"8":[23,122],"9":[145,139,132,129],"10":[82,40],"11":[122,84],"12":[0,40],"13":[40,0,0,0],"14":[89,79],"15":[89,66],"16":[17,72],"17":[2,57],"18":[43,14],"19":[2,12],"20":[2,10],"21":[2,8],"22":[4,4],"23":[4,0],"24":[0,0],"25":[59,30],"26":[1,29],"27":[12,17],"28":[2,10],"29":[0,10],"30":[22,1],"31":[21,2],"32":[17,0],"33":[31,2],"34":[0,33],"35":[25,8],"36":[33,25,1],"37":[0,8],"38":[0,8],"39":[8,0],"40":[1,7],"41":[8,1],"42":[6,1],"43":[2,5],"44":[7,6],"45":[3,2],"46":[5,3],"47":[2,1],"48":[1,0],"49":[0,0]},"f":{"1":97,"2":970,"3":218,"4":145,"5":89,"6":1,"7":2,"8":59,"9":23,"10":33,"11":7},"fnMap":{"1":{"name":"(anonymous_1)","line":27,"loc":{"start":{"line":27,"column":26},"end":{"line":27,"column":45}}},"2":{"name":"(anonymous_2)","line":29,"loc":{"start":{"line":29,"column":18},"end":{"line":29,"column":37}}},"3":{"name":"(anonymous_3)","line":30,"loc":{"start":{"line":30,"column":16},"end":{"line":30,"column":38}}},"4":{"name":"_isSerializable","line":70,"loc":{"start":{"line":70,"column":26},"end":{"line":70,"column":74}}},"5":{"name":"render","line":87,"loc":{"start":{"line":87,"column":17},"end":{"line":87,"column":74}}},"6":{"name":"(anonymous_6)","line":106,"loc":{"start":{"line":106,"column":19},"end":{"line":106,"column":43}}},"7":{"name":"(anonymous_7)","line":108,"loc":{"start":{"line":108,"column":20},"end":{"line":108,"column":34}}},"8":{"name":"(anonymous_8)","line":114,"loc":{"start":{"line":114,"column":22},"end":{"line":114,"column":38}}},"9":{"name":"(anonymous_9)","line":154,"loc":{"start":{"line":154,"column":16},"end":{"line":154,"column":34}}},"10":{"name":"(anonymous_10)","line":188,"loc":{"start":{"line":188,"column":43},"end":{"line":188,"column":55}}},"11":{"name":"renderString","line":245,"loc":{"start":{"line":245,"column":23},"end":{"line":245,"column":79}}}},"statementMap":{"1":{"start":{"line":4,"column":0},"end":{"line":4,"column":40}},"2":{"start":{"line":5,"column":0},"end":{"line":5,"column":31}},"3":{"start":{"line":6,"column":0},"end":{"line":6,"column":26}},"4":{"start":{"line":8,"column":0},"end":{"line":8,"column":53}},"5":{"start":{"line":27,"column":0},"end":{"line":46,"column":1}},"6":{"start":{"line":28,"column":1},"end":{"line":28,"column":17}},"7":{"start":{"line":29,"column":1},"end":{"line":44,"column":4}},"8":{"start":{"line":30,"column":2},"end":{"line":43,"column":20}},"9":{"start":{"line":31,"column":3},"end":{"line":33,"column":4}},"10":{"start":{"line":32,"column":4},"end":{"line":32,"column":33}},"11":{"start":{"line":34,"column":3},"end":{"line":42,"column":28}},"12":{"start":{"line":45,"column":1},"end":{"line":45,"column":15}},"13":{"start":{"line":48,"column":0},"end":{"line":66,"column":2}},"14":{"start":{"line":67,"column":0},"end":{"line":67,"column":38}},"15":{"start":{"line":70,"column":0},"end":{"line":85,"column":2}},"16":{"start":{"line":71,"column":1},"end":{"line":75,"column":2}},"17":{"start":{"line":74,"column":2},"end":{"line":74,"column":14}},"18":{"start":{"line":76,"column":1},"end":{"line":78,"column":2}},"19":{"start":{"line":77,"column":2},"end":{"line":77,"column":14}},"20":{"start":{"line":80,"column":1},"end":{"line":83,"column":2}},"21":{"start":{"line":82,"column":3},"end":{"line":82,"column":15}},"22":{"start":{"line":84,"column":1},"end":{"line":84,"column":14}},"23":{"start":{"line":87,"column":0},"end":{"line":228,"column":2}},"24":{"start":{"line":90,"column":1},"end":{"line":90,"column":24}},"25":{"start":{"line":91,"column":1},"end":{"line":91,"column":32}},"26":{"start":{"line":93,"column":1},"end":{"line":93,"column":87}},"27":{"start":{"line":94,"column":1},"end":{"line":94,"column":41}},"28":{"start":{"line":95,"column":1},"end":{"line":95,"column":67}},"29":{"start":{"line":102,"column":1},"end":{"line":102,"column":54}},"30":{"start":{"line":104,"column":1},"end":{"line":104,"column":17}},"31":{"start":{"line":106,"column":1},"end":{"line":112,"column":3}},"32":{"start":{"line":107,"column":2},"end":{"line":107,"column":33}},"33":{"start":{"line":108,"column":2},"end":{"line":110,"column":5}},"34":{"start":{"line":109,"column":3},"end":{"line":109,"column":38}},"35":{"start":{"line":111,"column":2},"end":{"line":111,"column":26}},"36":{"start":{"line":114,"column":1},"end":{"line":134,"column":3}},"37":{"start":{"line":115,"column":2},"end":{"line":117,"column":3}},"38":{"start":{"line":116,"column":3},"end":{"line":116,"column":16}},"39":{"start":{"line":119,"column":2},"end":{"line":122,"column":3}},"40":{"start":{"line":121,"column":3},"end":{"line":121,"column":31}},"41":{"start":{"line":124,"column":2},"end":{"line":124,"column":26}},"42":{"start":{"line":126,"column":2},"end":{"line":126,"column":57}},"43":{"start":{"line":126,"column":24},"end":{"line":126,"column":55}},"44":{"start":{"line":127,"column":2},"end":{"line":127,"column":59}},"45":{"start":{"line":127,"column":25},"end":{"line":127,"column":57}},"46":{"start":{"line":128,"column":2},"end":{"line":128,"column":54}},"47":{"start":{"line":128,"column":24},"end":{"line":128,"column":52}},"48":{"start":{"line":129,"column":2},"end":{"line":129,"column":66}},"49":{"start":{"line":129,"column":35},"end":{"line":129,"column":64}},"50":{"start":{"line":130,"column":2},"end":{"line":130,"column":60}},"51":{"start":{"line":130,"column":31},"end":{"line":130,"column":58}},"52":{"start":{"line":131,"column":2},"end":{"line":131,"column":56}},"53":{"start":{"line":131,"column":30},"end":{"line":131,"column":54}},"54":{"start":{"line":133,"column":2},"end":{"line":133,"column":16}},"55":{"start":{"line":137,"column":1},"end":{"line":224,"column":2}},"56":{"start":{"line":138,"column":2},"end":{"line":138,"column":64}},"57":{"start":{"line":139,"column":8},"end":{"line":224,"column":2}},"58":{"start":{"line":141,"column":2},"end":{"line":141,"column":49}},"59":{"start":{"line":142,"column":2},"end":{"line":142,"column":75}},"60":{"start":{"line":143,"column":2},"end":{"line":143,"column":49}},"61":{"start":{"line":144,"column":8},"end":{"line":224,"column":2}},"62":{"start":{"line":147,"column":2},"end":{"line":179,"column":3}},"63":{"start":{"line":148,"column":3},"end":{"line":148,"column":80}},"64":{"start":{"line":149,"column":9},"end":{"line":179,"column":3}},"65":{"start":{"line":150,"column":3},"end":{"line":150,"column":79}},"66":{"start":{"line":151,"column":3},"end":{"line":151,"column":21}},"67":{"start":{"line":153,"column":3},"end":{"line":153,"column":11}},"68":{"start":{"line":154,"column":3},"end":{"line":178,"column":6}},"69":{"start":{"line":156,"column":4},"end":{"line":156,"column":22}},"70":{"start":{"line":157,"column":4},"end":{"line":159,"column":5}},"71":{"start":{"line":158,"column":5},"end":{"line":158,"column":30}},"72":{"start":{"line":160,"column":4},"end":{"line":160,"column":44}},"73":{"start":{"line":162,"column":4},"end":{"line":177,"column":5}},"74":{"start":{"line":165,"column":5},"end":{"line":165,"column":53}},"75":{"start":{"line":166,"column":5},"end":{"line":166,"column":23}},"76":{"start":{"line":169,"column":5},"end":{"line":169,"column":23}},"77":{"start":{"line":170,"column":5},"end":{"line":176,"column":8}},"78":{"start":{"line":180,"column":8},"end":{"line":224,"column":2}},"79":{"start":{"line":183,"column":2},"end":{"line":183,"column":53}},"80":{"start":{"line":184,"column":2},"end":{"line":184,"column":10}},"81":{"start":{"line":185,"column":2},"end":{"line":185,"column":38}},"82":{"start":{"line":187,"column":2},"end":{"line":187,"column":10}},"83":{"start":{"line":188,"column":2},"end":{"line":223,"column":5}},"84":{"start":{"line":190,"column":3},"end":{"line":190,"column":20}},"85":{"start":{"line":191,"column":3},"end":{"line":193,"column":4}},"86":{"start":{"line":192,"column":4},"end":{"line":192,"column":27}},"87":{"start":{"line":194,"column":3},"end":{"line":194,"column":41}},"88":{"start":{"line":197,"column":3},"end":{"line":199,"column":4}},"89":{"start":{"line":198,"column":4},"end":{"line":198,"column":11}},"90":{"start":{"line":202,"column":3},"end":{"line":222,"column":4}},"91":{"start":{"line":203,"column":4},"end":{"line":203,"column":71}},"92":{"start":{"line":204,"column":4},"end":{"line":204,"column":21}},"93":{"start":{"line":205,"column":10},"end":{"line":222,"column":4}},"94":{"start":{"line":206,"column":4},"end":{"line":206,"column":116}},"95":{"start":{"line":207,"column":4},"end":{"line":207,"column":21}},"96":{"start":{"line":208,"column":10},"end":{"line":222,"column":4}},"97":{"start":{"line":209,"column":4},"end":{"line":209,"column":111}},"98":{"start":{"line":210,"column":4},"end":{"line":210,"column":21}},"99":{"start":{"line":213,"column":4},"end":{"line":213,"column":21}},"100":{"start":{"line":214,"column":4},"end":{"line":221,"column":6}},"101":{"start":{"line":227,"column":1},"end":{"line":227,"column":26}},"102":{"start":{"line":245,"column":0},"end":{"line":284,"column":2}},"103":{"start":{"line":247,"column":1},"end":{"line":247,"column":17}},"104":{"start":{"line":248,"column":1},"end":{"line":248,"column":16}},"105":{"start":{"line":249,"column":1},"end":{"line":249,"column":17}},"106":{"start":{"line":250,"column":1},"end":{"line":250,"column":87}},"107":{"start":{"line":251,"column":1},"end":{"line":251,"column":54}},"108":{"start":{"line":254,"column":1},"end":{"line":256,"column":2}},"109":{"start":{"line":255,"column":2},"end":{"line":255,"column":12}},"110":{"start":{"line":259,"column":1},"end":{"line":272,"column":2}},"111":{"start":{"line":260,"column":2},"end":{"line":260,"column":21}},"112":{"start":{"line":261,"column":2},"end":{"line":269,"column":3}},"113":{"start":{"line":262,"column":3},"end":{"line":262,"column":38}},"114":{"start":{"line":263,"column":9},"end":{"line":269,"column":3}},"115":{"start":{"line":264,"column":3},"end":{"line":264,"column":38}},"116":{"start":{"line":265,"column":9},"end":{"line":269,"column":3}},"117":{"start":{"line":266,"column":3},"end":{"line":266,"column":38}},"118":{"start":{"line":268,"column":3},"end":{"line":268,"column":38}},"119":{"start":{"line":270,"column":2},"end":{"line":270,"column":65}},"120":{"start":{"line":271,"column":2},"end":{"line":271,"column":37}},"121":{"start":{"line":274,"column":1},"end":{"line":279,"column":2}},"122":{"start":{"line":275,"column":2},"end":{"line":275,"column":32}},"123":{"start":{"line":278,"column":2},"end":{"line":278,"column":53}},"124":{"start":{"line":282,"column":1},"end":{"line":282,"column":60}},"125":{"start":{"line":283,"column":1},"end":{"line":283,"column":15}}},"branchMap":{"1":{"line":31,"type":"if","locations":[{"start":{"line":31,"column":3},"end":{"line":31,"column":3}},{"start":{"line":31,"column":3},"end":{"line":31,"column":3}}]},"2":{"line":34,"type":"cond-expr","locations":[{"start":{"line":35,"column":5},"end":{"line":36,"column":88}},{"start":{"line":37,"column":7},"end":{"line":37,"column":9}}]},"3":{"line":35,"type":"cond-expr","locations":[{"start":{"line":35,"column":37},"end":{"line":35,"column":77}},{"start":{"line":36,"column":5},"end":{"line":36,"column":88}}]},"4":{"line":36,"type":"cond-expr","locations":[{"start":{"line":36,"column":37},"end":{"line":36,"column":83}},{"start":{"line":36,"column":86},"end":{"line":36,"column":88}}]},"5":{"line":38,"type":"cond-expr","locations":[{"start":{"line":39,"column":5},"end":{"line":40,"column":88}},{"start":{"line":41,"column":7},"end":{"line":41,"column":9}}]},"6":{"line":39,"type":"cond-expr","locations":[{"start":{"line":39,"column":37},"end":{"line":39,"column":77}},{"start":{"line":40,"column":5},"end":{"line":40,"column":88}}]},"7":{"line":40,"type":"cond-expr","locations":[{"start":{"line":40,"column":37},"end":{"line":40,"column":83}},{"start":{"line":40,"column":86},"end":{"line":40,"column":88}}]},"8":{"line":71,"type":"if","locations":[{"start":{"line":71,"column":1},"end":{"line":71,"column":1}},{"start":{"line":71,"column":1},"end":{"line":71,"column":1}}]},"9":{"line":71,"type":"binary-expr","locations":[{"start":{"line":71,"column":5},"end":{"line":71,"column":31}},{"start":{"line":72,"column":3},"end":{"line":72,"column":28}},{"start":{"line":72,"column":32},"end":{"line":72,"column":46}},{"start":{"line":73,"column":3},"end":{"line":73,"column":24}}]},"10":{"line":76,"type":"if","locations":[{"start":{"line":76,"column":1},"end":{"line":76,"column":1}},{"start":{"line":76,"column":1},"end":{"line":76,"column":1}}]},"11":{"line":76,"type":"binary-expr","locations":[{"start":{"line":76,"column":5},"end":{"line":76,"column":30}},{"start":{"line":76,"column":34},"end":{"line":76,"column":60}}]},"12":{"line":80,"type":"if","locations":[{"start":{"line":80,"column":1},"end":{"line":80,"column":1}},{"start":{"line":80,"column":1},"end":{"line":80,"column":1}}]},"13":{"line":80,"type":"binary-expr","locations":[{"start":{"line":80,"column":5},"end":{"line":80,"column":25}},{"start":{"line":80,"column":29},"end":{"line":80,"column":44}},{"start":{"line":81,"column":6},"end":{"line":81,"column":26}},{"start":{"line":81,"column":30},"end":{"line":81,"column":69}}]},"14":{"line":90,"type":"binary-expr","locations":[{"start":{"line":90,"column":13},"end":{"line":90,"column":18}},{"start":{"line":90,"column":22},"end":{"line":90,"column":23}}]},"15":{"line":91,"type":"binary-expr","locations":[{"start":{"line":91,"column":15},"end":{"line":91,"column":26}},{"start":{"line":91,"column":30},"end":{"line":91,"column":31}}]},"16":{"line":93,"type":"cond-expr","locations":[{"start":{"line":93,"column":38},"end":{"line":93,"column":45}},{"start":{"line":93,"column":48},"end":{"line":93,"column":86}}]},"17":{"line":115,"type":"if","locations":[{"start":{"line":115,"column":2},"end":{"line":115,"column":2}},{"start":{"line":115,"column":2},"end":{"line":115,"column":2}}]},"18":{"line":119,"type":"if","locations":[{"start":{"line":119,"column":2},"end":{"line":119,"column":2}},{"start":{"line":119,"column":2},"end":{"line":119,"column":2}}]},"19":{"line":126,"type":"if","locations":[{"start":{"line":126,"column":2},"end":{"line":126,"column":2}},{"start":{"line":126,"column":2},"end":{"line":126,"column":2}}]},"20":{"line":127,"type":"if","locations":[{"start":{"line":127,"column":2},"end":{"line":127,"column":2}},{"start":{"line":127,"column":2},"end":{"line":127,"column":2}}]},"21":{"line":128,"type":"if","locations":[{"start":{"line":128,"column":2},"end":{"line":128,"column":2}},{"start":{"line":128,"column":2},"end":{"line":128,"column":2}}]},"22":{"line":129,"type":"if","locations":[{"start":{"line":129,"column":2},"end":{"line":129,"column":2}},{"start":{"line":129,"column":2},"end":{"line":129,"column":2}}]},"23":{"line":130,"type":"if","locations":[{"start":{"line":130,"column":2},"end":{"line":130,"column":2}},{"start":{"line":130,"column":2},"end":{"line":130,"column":2}}]},"24":{"line":131,"type":"if","locations":[{"start":{"line":131,"column":2},"end":{"line":131,"column":2}},{"start":{"line":131,"column":2},"end":{"line":131,"column":2}}]},"25":{"line":137,"type":"if","locations":[{"start":{"line":137,"column":1},"end":{"line":137,"column":1}},{"start":{"line":137,"column":1},"end":{"line":137,"column":1}}]},"26":{"line":139,"type":"if","locations":[{"start":{"line":139,"column":8},"end":{"line":139,"column":8}},{"start":{"line":139,"column":8},"end":{"line":139,"column":8}}]},"27":{"line":144,"type":"if","locations":[{"start":{"line":144,"column":8},"end":{"line":144,"column":8}},{"start":{"line":144,"column":8},"end":{"line":144,"column":8}}]},"28":{"line":147,"type":"if","locations":[{"start":{"line":147,"column":2},"end":{"line":147,"column":2}},{"start":{"line":147,"column":2},"end":{"line":147,"column":2}}]},"29":{"line":149,"type":"if","locations":[{"start":{"line":149,"column":9},"end":{"line":149,"column":9}},{"start":{"line":149,"column":9},"end":{"line":149,"column":9}}]},"30":{"line":157,"type":"if","locations":[{"start":{"line":157,"column":4},"end":{"line":157,"column":4}},{"start":{"line":157,"column":4},"end":{"line":157,"column":4}}]},"31":{"line":162,"type":"if","locations":[{"start":{"line":162,"column":4},"end":{"line":162,"column":4}},{"start":{"line":162,"column":4},"end":{"line":162,"column":4}}]},"32":{"line":180,"type":"if","locations":[{"start":{"line":180,"column":8},"end":{"line":180,"column":8}},{"start":{"line":180,"column":8},"end":{"line":180,"column":8}}]},"33":{"line":191,"type":"if","locations":[{"start":{"line":191,"column":3},"end":{"line":191,"column":3}},{"start":{"line":191,"column":3},"end":{"line":191,"column":3}}]},"34":{"line":197,"type":"if","locations":[{"start":{"line":197,"column":3},"end":{"line":197,"column":3}},{"start":{"line":197,"column":3},"end":{"line":197,"column":3}}]},"35":{"line":202,"type":"if","locations":[{"start":{"line":202,"column":3},"end":{"line":202,"column":3}},{"start":{"line":202,"column":3},"end":{"line":202,"column":3}}]},"36":{"line":202,"type":"binary-expr","locations":[{"start":{"line":202,"column":7},"end":{"line":202,"column":39}},{"start":{"line":202,"column":44},"end":{"line":202,"column":52}},{"start":{"line":202,"column":56},"end":{"line":202,"column":69}}]},"37":{"line":205,"type":"if","locations":[{"start":{"line":205,"column":10},"end":{"line":205,"column":10}},{"start":{"line":205,"column":10},"end":{"line":205,"column":10}}]},"38":{"line":208,"type":"if","locations":[{"start":{"line":208,"column":10},"end":{"line":208,"column":10}},{"start":{"line":208,"column":10},"end":{"line":208,"column":10}}]},"39":{"line":208,"type":"binary-expr","locations":[{"start":{"line":208,"column":14},"end":{"line":208,"column":41}},{"start":{"line":208,"column":45},"end":{"line":208,"column":63}}]},"40":{"line":216,"type":"cond-expr","locations":[{"start":{"line":216,"column":33},"end":{"line":216,"column":52}},{"start":{"line":216,"column":55},"end":{"line":216,"column":62}}]},"41":{"line":216,"type":"binary-expr","locations":[{"start":{"line":216,"column":6},"end":{"line":216,"column":13}},{"start":{"line":216,"column":17},"end":{"line":216,"column":30}}]},"42":{"line":250,"type":"cond-expr","locations":[{"start":{"line":250,"column":38},"end":{"line":250,"column":45}},{"start":{"line":250,"column":48},"end":{"line":250,"column":86}}]},"43":{"line":254,"type":"if","locations":[{"start":{"line":254,"column":1},"end":{"line":254,"column":1}},{"start":{"line":254,"column":1},"end":{"line":254,"column":1}}]},"44":{"line":254,"type":"binary-expr","locations":[{"start":{"line":254,"column":5},"end":{"line":254,"column":29}},{"start":{"line":254,"column":33},"end":{"line":254,"column":44}}]},"45":{"line":259,"type":"if","locations":[{"start":{"line":259,"column":1},"end":{"line":259,"column":1}},{"start":{"line":259,"column":1},"end":{"line":259,"column":1}}]},"46":{"line":259,"type":"binary-expr","locations":[{"start":{"line":259,"column":5},"end":{"line":259,"column":20}},{"start":{"line":259,"column":24},"end":{"line":259,"column":39}}]},"47":{"line":261,"type":"if","locations":[{"start":{"line":261,"column":2},"end":{"line":261,"column":2}},{"start":{"line":261,"column":2},"end":{"line":261,"column":2}}]},"48":{"line":263,"type":"if","locations":[{"start":{"line":263,"column":9},"end":{"line":263,"column":9}},{"start":{"line":263,"column":9},"end":{"line":263,"column":9}}]},"49":{"line":265,"type":"if","locations":[{"start":{"line":265,"column":9},"end":{"line":265,"column":9}},{"start":{"line":265,"column":9},"end":{"line":265,"column":9}}]}}},"/home/nhoffman/projects/prettyjson-256/lib/utils.js":{"path":"/home/nhoffman/projects/prettyjson-256/lib/utils.js","s":{"1":1,"2":121,"3":1,"4":17,"5":17,"6":33,"7":0,"8":33,"9":17},"b":{"1":[0,33]},"f":{"1":121,"2":17,"3":33},"fnMap":{"1":{"name":"indent","line":6,"loc":{"start":{"line":6,"column":17},"end":{"line":6,"column":44}}},"2":{"name":"(anonymous_2)","line":13,"loc":{"start":{"line":13,"column":28},"end":{"line":13,"column":44}}},"3":{"name":"(anonymous_3)","line":16,"loc":{"start":{"line":16,"column":44},"end":{"line":16,"column":58}}}},"statementMap":{"1":{"start":{"line":6,"column":0},"end":{"line":8,"column":2}},"2":{"start":{"line":7,"column":2},"end":{"line":7,"column":42}},"3":{"start":{"line":13,"column":0},"end":{"line":25,"column":2}},"4":{"start":{"line":14,"column":2},"end":{"line":14,"column":19}},"5":{"start":{"line":16,"column":2},"end":{"line":23,"column":5}},"6":{"start":{"line":18,"column":4},"end":{"line":20,"column":5}},"7":{"start":{"line":19,"column":6},"end":{"line":19,"column":13}},"8":{"start":{"line":22,"column":4},"end":{"line":22,"column":46}},"9":{"start":{"line":24,"column":2},"end":{"line":24,"column":18}}},"branchMap":{"1":{"line":18,"type":"if","locations":[{"start":{"line":18,"column":4},"end":{"line":18,"column":4}},{"start":{"line":18,"column":4},"end":{"line":18,"column":4}}]}}}}