TN:
SF:/home/nhoffman/projects/prettyjson-256/lib/prettyjson.js
FN:27,(anonymous_1)
FN:29,(anonymous_2)
FN:30,(anonymous_3)
FN:70,_isSerializable
FN:87,render
FN:106,(anonymous_6)
FN:108,(anonymous_7)
FN:114,(anonymous_8)
FN:154,(anonymous_9)
FN:188,(anonymous_10)
FN:245,renderString
FNF:11
FNH:11
FNDA:97,(anonymous_1)
FNDA:970,(anonymous_2)
FNDA:218,(anonymous_3)
FNDA:145,_isSerializable
FNDA:89,render
FNDA:1,(anonymous_6)
FNDA:2,(anonymous_7)
FNDA:59,(anonymous_8)
FNDA:23,(anonymous_9)
FNDA:33,(anonymous_10)
FNDA:7,renderString
DA:4,1
DA:5,1
DA:6,1
DA:8,1
DA:27,1
DA:28,97
DA:29,97
DA:30,970
DA:31,218
DA:32,79
DA:34,139
DA:45,97
DA:48,1
DA:67,1
DA:70,1
DA:71,145
DA:74,23
DA:76,122
DA:77,82
DA:80,40
DA:82,0
DA:84,40
DA:87,1
DA:90,89
DA:91,89
DA:93,89
DA:94,89
DA:95,89
DA:102,89
DA:104,89
DA:106,89
DA:107,1
DA:108,1
DA:109,2
DA:111,1
DA:114,89
DA:115,59
DA:116,2
DA:119,57
DA:121,43
DA:124,14
DA:126,14
DA:127,12
DA:128,10
DA:129,8
DA:130,4
DA:131,0
DA:133,0
DA:137,89
DA:138,59
DA:139,30
DA:141,1
DA:142,1
DA:143,1
DA:144,29
DA:147,12
DA:148,2
DA:149,10
DA:150,0
DA:151,0
DA:153,10
DA:154,10
DA:156,23
DA:157,23
DA:158,22
DA:160,23
DA:162,23
DA:165,21
DA:166,21
DA:169,2
DA:170,2
DA:180,17
DA:183,17
DA:184,17
DA:185,17
DA:187,17
DA:188,17
DA:190,33
DA:191,33
DA:192,31
DA:194,33
DA:197,33
DA:198,0
DA:202,33
DA:203,25
DA:204,25
DA:205,8
DA:206,0
DA:207,0
DA:208,8
DA:209,0
DA:210,0
DA:213,8
DA:214,8
DA:227,89
DA:245,1
DA:247,7
DA:248,7
DA:249,7
DA:250,7
DA:251,7
DA:254,7
DA:255,2
DA:259,5
DA:260,3
DA:261,3
DA:262,2
DA:263,1
DA:264,1
DA:265,0
DA:266,0
DA:268,0
DA:270,3
DA:271,3
DA:274,5
DA:275,5
DA:278,1
DA:282,4
DA:283,4
LF:119
LH:106
BRDA:31,1,0,79
BRDA:31,1,1,139
BRDA:34,2,0,139
BRDA:34,2,1,0
BRDA:35,3,0,8
BRDA:35,3,1,131
BRDA:36,4,0,131
BRDA:36,4,1,0
BRDA:38,5,0,0
BRDA:38,5,1,139
BRDA:39,6,0,0
BRDA:39,6,1,0
BRDA:40,7,0,0
BRDA:40,7,1,0
BRDA:71,8,0,23
BRDA:71,8,1,122
BRDA:71,9,0,145
BRDA:71,9,1,139
BRDA:71,9,2,132
BRDA:71,9,3,129
BRDA:76,10,0,82
BRDA:76,10,1,40
BRDA:76,11,0,122
BRDA:76,11,1,84
BRDA:80,12,0,0
BRDA:80,12,1,40
BRDA:80,13,0,40
BRDA:80,13,1,0
BRDA:80,13,2,0
BRDA:80,13,3,0
BRDA:90,14,0,89
BRDA:90,14,1,79
BRDA:91,15,0,89
BRDA:91,15,1,66
BRDA:93,16,0,17
BRDA:93,16,1,72
BRDA:115,17,0,2
BRDA:115,17,1,57
BRDA:119,18,0,43
BRDA:119,18,1,14
BRDA:126,19,0,2
BRDA:126,19,1,12
BRDA:127,20,0,2
BRDA:127,20,1,10
BRDA:128,21,0,2
BRDA:128,21,1,8
BRDA:129,22,0,4
BRDA:129,22,1,4
BRDA:130,23,0,4
BRDA:130,23,1,0
BRDA:131,24,0,0
BRDA:131,24,1,0
BRDA:137,25,0,59
BRDA:137,25,1,30
BRDA:139,26,0,1
BRDA:139,26,1,29
BRDA:144,27,0,12
BRDA:144,27,1,17
BRDA:147,28,0,2
BRDA:147,28,1,10
BRDA:149,29,0,0
BRDA:149,29,1,10
BRDA:157,30,0,22
BRDA:157,30,1,1
BRDA:162,31,0,21
BRDA:162,31,1,2
BRDA:180,32,0,17
BRDA:180,32,1,0
BRDA:191,33,0,31
BRDA:191,33,1,2
BRDA:197,34,0,0
BRDA:197,34,1,33
BRDA:202,35,0,25
BRDA:202,35,1,8
BRDA:202,36,0,33
BRDA:202,36,1,25
BRDA:202,36,2,1
BRDA:205,37,0,0
BRDA:205,37,1,8
BRDA:208,38,0,0
BRDA:208,38,1,8
BRDA:208,39,0,8
BRDA:208,39,1,0
BRDA:216,40,0,1
BRDA:216,40,1,7
BRDA:216,41,0,8
BRDA:216,41,1,1
BRDA:250,42,0,6
BRDA:250,42,1,1
BRDA:254,43,0,2
BRDA:254,43,1,5
BRDA:254,44,0,7
BRDA:254,44,1,6
BRDA:259,45,0,3
BRDA:259,45,1,2
BRDA:259,46,0,5
BRDA:259,46,1,3
BRDA:261,47,0,2
BRDA:261,47,1,1
BRDA:263,48,0,1
BRDA:263,48,1,0
BRDA:265,49,0,0
BRDA:265,49,1,0
BRF:103
BRH:80
end_of_record
TN:
SF:/home/nhoffman/projects/prettyjson-256/lib/utils.js
FN:6,indent
FN:13,(anonymous_2)
FN:16,(anonymous_3)
FNF:3
FNH:3
FNDA:121,indent
FNDA:17,(anonymous_2)
FNDA:33,(anonymous_3)
DA:6,1
DA:7,121
DA:13,1
DA:14,17
DA:16,17
DA:18,33
DA:19,0
DA:22,33
DA:24,17
LF:9
LH:8
BRDA:18,1,0,0
BRDA:18,1,1,33
BRF:2
BRH:1
end_of_record
